CRITICAL - 2022-11-11 04:55:56 --> Class 'Codeigniter\Model' not found
in APPPATH\Models\m_mahasiswa.php on line 6.
 1 SYSTEMPATH\Autoloader\Autoloader.php(282): include_once()
 2 SYSTEMPATH\Autoloader\Autoloader.php(259): CodeIgniter\Autoloader\Autoloader->includeFile('APPPATH\\Models\\m_mahasiswa.php')
 3 SYSTEMPATH\Autoloader\Autoloader.php(237): CodeIgniter\Autoloader\Autoloader->loadInNamespace('App\\Models\\m_mahasiswa')
 4 [internal function]: CodeIgniter\Autoloader\Autoloader->loadClass('App\\Models\\m_mahasiswa')
 5 APPPATH\Controllers\mahasiswa.php(13): spl_autoload_call('App\\Models\\m_mahasiswa')
 6 SYSTEMPATH\CodeIgniter.php(927): App\Controllers\mahasiswa->index()
 7 SYSTEMPATH\CodeIgniter.php(482): CodeIgniter\CodeIgniter->runController(Object(App\Controllers\mahasiswa))
 8 SYSTEMPATH\CodeIgniter.php(351): CodeIgniter\CodeIgniter->handleRequest(null, Object(Config\Cache), false)
 9 FCPATH\index.php(67): CodeIgniter\CodeIgniter->run()
10 SYSTEMPATH\Commands\Server\rewrite.php(46): require_once('FCPATH\\index.php')
CRITICAL - 2022-11-11 04:56:43 --> Class 'Codeigniter\Model' not found
in APPPATH\Models\m_mahasiswa.php on line 6.
 1 SYSTEMPATH\Autoloader\Autoloader.php(282): include_once()
 2 SYSTEMPATH\Autoloader\Autoloader.php(259): CodeIgniter\Autoloader\Autoloader->includeFile('APPPATH\\Models\\m_mahasiswa.php')
 3 SYSTEMPATH\Autoloader\Autoloader.php(237): CodeIgniter\Autoloader\Autoloader->loadInNamespace('App\\Models\\m_mahasiswa')
 4 [internal function]: CodeIgniter\Autoloader\Autoloader->loadClass('App\\Models\\m_mahasiswa')
 5 APPPATH\Controllers\mahasiswa.php(13): spl_autoload_call('App\\Models\\m_mahasiswa')
 6 SYSTEMPATH\CodeIgniter.php(927): App\Controllers\mahasiswa->index()
 7 SYSTEMPATH\CodeIgniter.php(482): CodeIgniter\CodeIgniter->runController(Object(App\Controllers\mahasiswa))
 8 SYSTEMPATH\CodeIgniter.php(351): CodeIgniter\CodeIgniter->handleRequest(null, Object(Config\Cache), false)
 9 FCPATH\index.php(67): CodeIgniter\CodeIgniter->run()
10 SYSTEMPATH\Commands\Server\rewrite.php(46): require_once('FCPATH\\index.php')
CRITICAL - 2022-11-11 04:56:51 --> Class 'Codeigniter\Model' not found
in APPPATH\Models\m_mahasiswa.php on line 6.
 1 SYSTEMPATH\Autoloader\Autoloader.php(282): include_once()
 2 SYSTEMPATH\Autoloader\Autoloader.php(259): CodeIgniter\Autoloader\Autoloader->includeFile('APPPATH\\Models\\m_mahasiswa.php')
 3 SYSTEMPATH\Autoloader\Autoloader.php(237): CodeIgniter\Autoloader\Autoloader->loadInNamespace('App\\Models\\m_mahasiswa')
 4 [internal function]: CodeIgniter\Autoloader\Autoloader->loadClass('App\\Models\\m_mahasiswa')
 5 APPPATH\Controllers\mahasiswa.php(13): spl_autoload_call('App\\Models\\m_mahasiswa')
 6 SYSTEMPATH\CodeIgniter.php(927): App\Controllers\mahasiswa->index()
 7 SYSTEMPATH\CodeIgniter.php(482): CodeIgniter\CodeIgniter->runController(Object(App\Controllers\mahasiswa))
 8 SYSTEMPATH\CodeIgniter.php(351): CodeIgniter\CodeIgniter->handleRequest(null, Object(Config\Cache), false)
 9 FCPATH\index.php(67): CodeIgniter\CodeIgniter->run()
10 SYSTEMPATH\Commands\Server\rewrite.php(46): require_once('FCPATH\\index.php')
CRITICAL - 2022-11-11 04:58:45 --> Class 'Codeigniter\Model' not found
in APPPATH\Models\m_mahasiswa.php on line 6.
 1 SYSTEMPATH\Autoloader\Autoloader.php(282): include_once()
 2 SYSTEMPATH\Autoloader\Autoloader.php(259): CodeIgniter\Autoloader\Autoloader->includeFile('APPPATH\\Models\\m_mahasiswa.php')
 3 SYSTEMPATH\Autoloader\Autoloader.php(237): CodeIgniter\Autoloader\Autoloader->loadInNamespace('App\\Models\\m_mahasiswa')
 4 [internal function]: CodeIgniter\Autoloader\Autoloader->loadClass('App\\Models\\m_mahasiswa')
 5 APPPATH\Controllers\mahasiswa.php(13): spl_autoload_call('App\\Models\\m_mahasiswa')
 6 SYSTEMPATH\CodeIgniter.php(927): App\Controllers\mahasiswa->index()
 7 SYSTEMPATH\CodeIgniter.php(482): CodeIgniter\CodeIgniter->runController(Object(App\Controllers\mahasiswa))
 8 SYSTEMPATH\CodeIgniter.php(351): CodeIgniter\CodeIgniter->handleRequest(null, Object(Config\Cache), false)
 9 FCPATH\index.php(67): CodeIgniter\CodeIgniter->run()
10 SYSTEMPATH\Commands\Server\rewrite.php(46): require_once('FCPATH\\index.php')
CRITICAL - 2022-11-11 05:01:28 --> Class 'Codeigniter\Model' not found
in APPPATH\Models\m_mahasiswa.php on line 6.
 1 SYSTEMPATH\Autoloader\Autoloader.php(282): include_once()
 2 SYSTEMPATH\Autoloader\Autoloader.php(259): CodeIgniter\Autoloader\Autoloader->includeFile('APPPATH\\Models\\m_mahasiswa.php')
 3 SYSTEMPATH\Autoloader\Autoloader.php(237): CodeIgniter\Autoloader\Autoloader->loadInNamespace('App\\Models\\m_mahasiswa')
 4 [internal function]: CodeIgniter\Autoloader\Autoloader->loadClass('App\\Models\\m_mahasiswa')
 5 APPPATH\Controllers\mahasiswa.php(13): spl_autoload_call('App\\Models\\m_mahasiswa')
 6 SYSTEMPATH\CodeIgniter.php(927): App\Controllers\mahasiswa->index()
 7 SYSTEMPATH\CodeIgniter.php(482): CodeIgniter\CodeIgniter->runController(Object(App\Controllers\mahasiswa))
 8 SYSTEMPATH\CodeIgniter.php(351): CodeIgniter\CodeIgniter->handleRequest(null, Object(Config\Cache), false)
 9 FCPATH\index.php(67): CodeIgniter\CodeIgniter->run()
10 SYSTEMPATH\Commands\Server\rewrite.php(46): require_once('FCPATH\\index.php')
CRITICAL - 2022-11-11 05:39:43 --> syntax error, unexpected 'echo' (T_ECHO)
in APPPATH\Views\v_mahasiswa.php on line 26.
 1 SYSTEMPATH\View\View.php(216): CodeIgniter\View\View->CodeIgniter\View\{closure}()
 2 SYSTEMPATH\Common.php(1134): CodeIgniter\View\View->render('v_mahasiswa', [], true)
 3 APPPATH\Controllers\mahasiswa.php(17): view('v_mahasiswa', [...])
 4 SYSTEMPATH\CodeIgniter.php(927): App\Controllers\mahasiswa->index()
 5 SYSTEMPATH\CodeIgniter.php(482): CodeIgniter\CodeIgniter->runController(Object(App\Controllers\mahasiswa))
 6 SYSTEMPATH\CodeIgniter.php(351): CodeIgniter\CodeIgniter->handleRequest(null, Object(Config\Cache), false)
 7 FCPATH\index.php(67): CodeIgniter\CodeIgniter->run()
 8 SYSTEMPATH\Commands\Server\rewrite.php(46): require_once('FCPATH\\index.php')
CRITICAL - 2022-11-11 05:48:16 --> Unsupported operand types
in APPPATH\Controllers\mahasiswa.php on line 32.
 1 SYSTEMPATH\CodeIgniter.php(927): App\Controllers\mahasiswa->simpandata()
 2 SYSTEMPATH\CodeIgniter.php(482): CodeIgniter\CodeIgniter->runController(Object(App\Controllers\mahasiswa))
 3 SYSTEMPATH\CodeIgniter.php(351): CodeIgniter\CodeIgniter->handleRequest(null, Object(Config\Cache), false)
 4 FCPATH\index.php(67): CodeIgniter\CodeIgniter->run()
 5 SYSTEMPATH\Commands\Server\rewrite.php(46): require_once('FCPATH\\index.php')
CRITICAL - 2022-11-11 05:48:32 --> Unsupported operand types
in APPPATH\Controllers\mahasiswa.php on line 32.
 1 SYSTEMPATH\CodeIgniter.php(927): App\Controllers\mahasiswa->simpandata()
 2 SYSTEMPATH\CodeIgniter.php(482): CodeIgniter\CodeIgniter->runController(Object(App\Controllers\mahasiswa))
 3 SYSTEMPATH\CodeIgniter.php(351): CodeIgniter\CodeIgniter->handleRequest(null, Object(Config\Cache), false)
 4 FCPATH\index.php(67): CodeIgniter\CodeIgniter->run()
 5 SYSTEMPATH\Commands\Server\rewrite.php(46): require_once('FCPATH\\index.php')
CRITICAL - 2022-11-11 05:49:54 --> Unsupported operand types
in APPPATH\Controllers\mahasiswa.php on line 32.
 1 SYSTEMPATH\CodeIgniter.php(927): App\Controllers\mahasiswa->simpandata()
 2 SYSTEMPATH\CodeIgniter.php(482): CodeIgniter\CodeIgniter->runController(Object(App\Controllers\mahasiswa))
 3 SYSTEMPATH\CodeIgniter.php(351): CodeIgniter\CodeIgniter->handleRequest(null, Object(Config\Cache), false)
 4 FCPATH\index.php(67): CodeIgniter\CodeIgniter->run()
 5 SYSTEMPATH\Commands\Server\rewrite.php(46): require_once('FCPATH\\index.php')
CRITICAL - 2022-11-11 05:50:13 --> Unsupported operand types
in APPPATH\Controllers\mahasiswa.php on line 32.
 1 SYSTEMPATH\CodeIgniter.php(927): App\Controllers\mahasiswa->simpandata()
 2 SYSTEMPATH\CodeIgniter.php(482): CodeIgniter\CodeIgniter->runController(Object(App\Controllers\mahasiswa))
 3 SYSTEMPATH\CodeIgniter.php(351): CodeIgniter\CodeIgniter->handleRequest(null, Object(Config\Cache), false)
 4 FCPATH\index.php(67): CodeIgniter\CodeIgniter->run()
 5 SYSTEMPATH\Commands\Server\rewrite.php(46): require_once('FCPATH\\index.php')
CRITICAL - 2022-11-11 06:04:26 --> syntax error, unexpected '[', expecting identifier (T_STRING) or variable (T_VARIABLE) or '{' or '$'
in APPPATH\Controllers\mahasiswa.php on line 28.
 1 SYSTEMPATH\Router\Router.php(499): CodeIgniter\Router\AutoRouter->getRoute('mahasiswa/simpandata')
 2 SYSTEMPATH\Router\Router.php(205): CodeIgniter\Router\Router->autoRoute('mahasiswa/simpandata')
 3 SYSTEMPATH\CodeIgniter.php(802): CodeIgniter\Router\Router->handle('mahasiswa/simpandata')
 4 SYSTEMPATH\CodeIgniter.php(430): CodeIgniter\CodeIgniter->tryToRouteIt(Object(CodeIgniter\Router\RouteCollection))
 5 SYSTEMPATH\CodeIgniter.php(351): CodeIgniter\CodeIgniter->handleRequest(null, Object(Config\Cache), false)
 6 FCPATH\index.php(67): CodeIgniter\CodeIgniter->run()
 7 SYSTEMPATH\Commands\Server\rewrite.php(46): require_once('FCPATH\\index.php')
CRITICAL - 2022-11-11 06:04:43 --> syntax error, unexpected '[', expecting identifier (T_STRING) or variable (T_VARIABLE) or '{' or '$'
in APPPATH\Controllers\mahasiswa.php on line 28.
 1 SYSTEMPATH\Router\Router.php(499): CodeIgniter\Router\AutoRouter->getRoute('mahasiswa')
 2 SYSTEMPATH\Router\Router.php(205): CodeIgniter\Router\Router->autoRoute('mahasiswa')
 3 SYSTEMPATH\CodeIgniter.php(802): CodeIgniter\Router\Router->handle('mahasiswa')
 4 SYSTEMPATH\CodeIgniter.php(430): CodeIgniter\CodeIgniter->tryToRouteIt(Object(CodeIgniter\Router\RouteCollection))
 5 SYSTEMPATH\CodeIgniter.php(351): CodeIgniter\CodeIgniter->handleRequest(null, Object(Config\Cache), false)
 6 FCPATH\index.php(67): CodeIgniter\CodeIgniter->run()
 7 SYSTEMPATH\Commands\Server\rewrite.php(46): require_once('FCPATH\\index.php')
CRITICAL - 2022-11-11 06:04:49 --> syntax error, unexpected '[', expecting identifier (T_STRING) or variable (T_VARIABLE) or '{' or '$'
in APPPATH\Controllers\mahasiswa.php on line 28.
 1 SYSTEMPATH\Router\Router.php(499): CodeIgniter\Router\AutoRouter->getRoute('mahasiswa')
 2 SYSTEMPATH\Router\Router.php(205): CodeIgniter\Router\Router->autoRoute('mahasiswa')
 3 SYSTEMPATH\CodeIgniter.php(802): CodeIgniter\Router\Router->handle('mahasiswa')
 4 SYSTEMPATH\CodeIgniter.php(430): CodeIgniter\CodeIgniter->tryToRouteIt(Object(CodeIgniter\Router\RouteCollection))
 5 SYSTEMPATH\CodeIgniter.php(351): CodeIgniter\CodeIgniter->handleRequest(null, Object(Config\Cache), false)
 6 FCPATH\index.php(67): CodeIgniter\CodeIgniter->run()
 7 SYSTEMPATH\Commands\Server\rewrite.php(46): require_once('FCPATH\\index.php')
CRITICAL - 2022-11-11 06:19:39 --> syntax error, unexpected 'return' (T_RETURN)
in APPPATH\Controllers\mahasiswa.php on line 51.
 1 SYSTEMPATH\Router\Router.php(499): CodeIgniter\Router\AutoRouter->getRoute('mahasiswa')
 2 SYSTEMPATH\Router\Router.php(205): CodeIgniter\Router\Router->autoRoute('mahasiswa')
 3 SYSTEMPATH\CodeIgniter.php(802): CodeIgniter\Router\Router->handle('mahasiswa')
 4 SYSTEMPATH\CodeIgniter.php(430): CodeIgniter\CodeIgniter->tryToRouteIt(Object(CodeIgniter\Router\RouteCollection))
 5 SYSTEMPATH\CodeIgniter.php(351): CodeIgniter\CodeIgniter->handleRequest(null, Object(Config\Cache), false)
 6 FCPATH\index.php(67): CodeIgniter\CodeIgniter->run()
 7 SYSTEMPATH\Commands\Server\rewrite.php(46): require_once('FCPATH\\index.php')
CRITICAL - 2022-11-11 07:07:39 --> syntax error, unexpected '->' (T_OBJECT_OPERATOR)
in APPPATH\Controllers\mahasiswa.php on line 65.
 1 SYSTEMPATH\Router\Router.php(499): CodeIgniter\Router\AutoRouter->getRoute('mahasiswa')
 2 SYSTEMPATH\Router\Router.php(205): CodeIgniter\Router\Router->autoRoute('mahasiswa')
 3 SYSTEMPATH\CodeIgniter.php(802): CodeIgniter\Router\Router->handle('mahasiswa')
 4 SYSTEMPATH\CodeIgniter.php(430): CodeIgniter\CodeIgniter->tryToRouteIt(Object(CodeIgniter\Router\RouteCollection))
 5 SYSTEMPATH\CodeIgniter.php(351): CodeIgniter\CodeIgniter->handleRequest(null, Object(Config\Cache), false)
 6 FCPATH\index.php(67): CodeIgniter\CodeIgniter->run()
 7 SYSTEMPATH\Commands\Server\rewrite.php(46): require_once('FCPATH\\index.php')
CRITICAL - 2022-11-11 07:08:14 --> syntax error, unexpected '->' (T_OBJECT_OPERATOR)
in APPPATH\Controllers\mahasiswa.php on line 65.
 1 SYSTEMPATH\Router\Router.php(499): CodeIgniter\Router\AutoRouter->getRoute('mahasiswa')
 2 SYSTEMPATH\Router\Router.php(205): CodeIgniter\Router\Router->autoRoute('mahasiswa')
 3 SYSTEMPATH\CodeIgniter.php(802): CodeIgniter\Router\Router->handle('mahasiswa')
 4 SYSTEMPATH\CodeIgniter.php(430): CodeIgniter\CodeIgniter->tryToRouteIt(Object(CodeIgniter\Router\RouteCollection))
 5 SYSTEMPATH\CodeIgniter.php(351): CodeIgniter\CodeIgniter->handleRequest(null, Object(Config\Cache), false)
 6 FCPATH\index.php(67): CodeIgniter\CodeIgniter->run()
 7 SYSTEMPATH\Commands\Server\rewrite.php(46): require_once('FCPATH\\index.php')
CRITICAL - 2022-11-11 07:08:55 --> Argument 2 passed to view() must be of the type array, null given, called in C:\xampp\htdocs\ci4\crud-ci4\app\Controllers\mahasiswa.php on line 74
in SYSTEMPATH\Common.php on line 1120.
 1 APPPATH\Controllers\mahasiswa.php(74): view('v_update', null)
 2 SYSTEMPATH\CodeIgniter.php(927): App\Controllers\mahasiswa->update('assets', 'css', 'bootstrap.min.css')
 3 SYSTEMPATH\CodeIgniter.php(482): CodeIgniter\CodeIgniter->runController(Object(App\Controllers\mahasiswa))
 4 SYSTEMPATH\CodeIgniter.php(351): CodeIgniter\CodeIgniter->handleRequest(null, Object(Config\Cache), false)
 5 FCPATH\index.php(67): CodeIgniter\CodeIgniter->run()
 6 SYSTEMPATH\Commands\Server\rewrite.php(46): require_once('FCPATH\\index.php')
CRITICAL - 2022-11-11 07:09:22 --> Argument 2 passed to view() must be of the type array, null given, called in C:\xampp\htdocs\ci4\crud-ci4\app\Controllers\mahasiswa.php on line 74
in SYSTEMPATH\Common.php on line 1120.
 1 APPPATH\Controllers\mahasiswa.php(74): view('v_update', null)
 2 SYSTEMPATH\CodeIgniter.php(927): App\Controllers\mahasiswa->update('assets', 'css', 'bootstrap.min.css')
 3 SYSTEMPATH\CodeIgniter.php(482): CodeIgniter\CodeIgniter->runController(Object(App\Controllers\mahasiswa))
 4 SYSTEMPATH\CodeIgniter.php(351): CodeIgniter\CodeIgniter->handleRequest(null, Object(Config\Cache), false)
 5 FCPATH\index.php(67): CodeIgniter\CodeIgniter->run()
 6 SYSTEMPATH\Commands\Server\rewrite.php(46): require_once('FCPATH\\index.php')
ERROR - 2022-11-11 07:09:31 --> mysqli_sql_exception: Duplicate entry '200853' for key 'PRIMARY' in C:\xampp\htdocs\ci4\crud-ci4\system\Database\MySQLi\Connection.php:292
Stack trace:
#0 C:\xampp\htdocs\ci4\crud-ci4\system\Database\MySQLi\Connection.php(292): mysqli->query('INSERT INTO `ma...', 0)
#1 C:\xampp\htdocs\ci4\crud-ci4\system\Database\BaseConnection.php(666): CodeIgniter\Database\MySQLi\Connection->execute('INSERT INTO `ma...')
#2 C:\xampp\htdocs\ci4\crud-ci4\system\Database\BaseConnection.php(593): CodeIgniter\Database\BaseConnection->simpleQuery('INSERT INTO `ma...')
#3 C:\xampp\htdocs\ci4\crud-ci4\system\Database\BaseBuilder.php(1916): CodeIgniter\Database\BaseConnection->query('INSERT INTO `ma...', Array, false)
#4 C:\xampp\htdocs\ci4\crud-ci4\app\Models\m_mahasiswa.php(20): CodeIgniter\Database\BaseBuilder->insert(Array)
#5 C:\xampp\htdocs\ci4\crud-ci4\app\Controllers\mahasiswa.php(36): App\Models\m_mahasiswa->simpan(Array)
#6 C:\xampp\htdocs\ci4\crud-ci4\system\CodeIgniter.php(927): App\Controllers\mahasiswa->simpandata()
#7 C:\xampp\htdocs\ci4\crud-ci4\system\CodeIgniter.php(482): CodeIgniter\CodeIgniter->runController(Object(App\Controllers\mahasiswa))
#8 C:\xampp\htdocs\ci4\crud-ci4\system\CodeIgniter.php(351): CodeIgniter\CodeIgniter->handleRequest(NULL, Object(Config\Cache), false)
#9 C:\xampp\htdocs\ci4\crud-ci4\public\index.php(67): CodeIgniter\CodeIgniter->run()
#10 C:\xampp\htdocs\ci4\crud-ci4\system\Commands\Server\rewrite.php(46): require_once('C:\\xampp\\htdocs...')
#11 {main}
CRITICAL - 2022-11-11 07:11:15 --> Argument 2 passed to view() must be of the type array, null given, called in C:\xampp\htdocs\ci4\crud-ci4\app\Controllers\mahasiswa.php on line 74
in SYSTEMPATH\Common.php on line 1120.
 1 APPPATH\Controllers\mahasiswa.php(74): view('v_update', null)
 2 SYSTEMPATH\CodeIgniter.php(927): App\Controllers\mahasiswa->update('assets', 'css', 'bootstrap.min.css')
 3 SYSTEMPATH\CodeIgniter.php(482): CodeIgniter\CodeIgniter->runController(Object(App\Controllers\mahasiswa))
 4 SYSTEMPATH\CodeIgniter.php(351): CodeIgniter\CodeIgniter->handleRequest(null, Object(Config\Cache), false)
 5 FCPATH\index.php(67): CodeIgniter\CodeIgniter->run()
 6 SYSTEMPATH\Commands\Server\rewrite.php(46): require_once('FCPATH\\index.php')
CRITICAL - 2022-11-11 07:11:29 --> Argument 2 passed to view() must be of the type array, null given, called in C:\xampp\htdocs\ci4\crud-ci4\app\Controllers\mahasiswa.php on line 74
in SYSTEMPATH\Common.php on line 1120.
 1 APPPATH\Controllers\mahasiswa.php(74): view('v_update', null)
 2 SYSTEMPATH\CodeIgniter.php(927): App\Controllers\mahasiswa->update()
 3 SYSTEMPATH\CodeIgniter.php(482): CodeIgniter\CodeIgniter->runController(Object(App\Controllers\mahasiswa))
 4 SYSTEMPATH\CodeIgniter.php(351): CodeIgniter\CodeIgniter->handleRequest(null, Object(Config\Cache), false)
 5 FCPATH\index.php(67): CodeIgniter\CodeIgniter->run()
 6 SYSTEMPATH\Commands\Server\rewrite.php(46): require_once('FCPATH\\index.php')
CRITICAL - 2022-11-11 07:12:12 --> Argument 2 passed to view() must be of the type array, null given, called in C:\xampp\htdocs\ci4\crud-ci4\app\Controllers\mahasiswa.php on line 74
in SYSTEMPATH\Common.php on line 1120.
 1 APPPATH\Controllers\mahasiswa.php(74): view('v_update', null)
 2 SYSTEMPATH\CodeIgniter.php(927): App\Controllers\mahasiswa->update('assets', 'css', 'bootstrap.min.css')
 3 SYSTEMPATH\CodeIgniter.php(482): CodeIgniter\CodeIgniter->runController(Object(App\Controllers\mahasiswa))
 4 SYSTEMPATH\CodeIgniter.php(351): CodeIgniter\CodeIgniter->handleRequest(null, Object(Config\Cache), false)
 5 FCPATH\index.php(67): CodeIgniter\CodeIgniter->run()
 6 SYSTEMPATH\Commands\Server\rewrite.php(46): require_once('FCPATH\\index.php')
CRITICAL - 2022-11-11 07:12:16 --> Argument 2 passed to view() must be of the type array, null given, called in C:\xampp\htdocs\ci4\crud-ci4\app\Controllers\mahasiswa.php on line 74
in SYSTEMPATH\Common.php on line 1120.
 1 APPPATH\Controllers\mahasiswa.php(74): view('v_update', null)
 2 SYSTEMPATH\CodeIgniter.php(927): App\Controllers\mahasiswa->update()
 3 SYSTEMPATH\CodeIgniter.php(482): CodeIgniter\CodeIgniter->runController(Object(App\Controllers\mahasiswa))
 4 SYSTEMPATH\CodeIgniter.php(351): CodeIgniter\CodeIgniter->handleRequest(null, Object(Config\Cache), false)
 5 FCPATH\index.php(67): CodeIgniter\CodeIgniter->run()
 6 SYSTEMPATH\Commands\Server\rewrite.php(46): require_once('FCPATH\\index.php')
CRITICAL - 2022-11-11 07:22:37 --> Argument 2 passed to view() must be of the type array, null given, called in C:\xampp\htdocs\ci4\crud-ci4\app\Controllers\mahasiswa.php on line 74
in SYSTEMPATH\Common.php on line 1120.
 1 APPPATH\Controllers\mahasiswa.php(74): view('v_update', null)
 2 SYSTEMPATH\CodeIgniter.php(927): App\Controllers\mahasiswa->update('assets', 'css', 'bootstrap.min.css')
 3 SYSTEMPATH\CodeIgniter.php(482): CodeIgniter\CodeIgniter->runController(Object(App\Controllers\mahasiswa))
 4 SYSTEMPATH\CodeIgniter.php(351): CodeIgniter\CodeIgniter->handleRequest(null, Object(Config\Cache), false)
 5 FCPATH\index.php(67): CodeIgniter\CodeIgniter->run()
 6 SYSTEMPATH\Commands\Server\rewrite.php(46): require_once('FCPATH\\index.php')
CRITICAL - 2022-11-11 07:22:51 --> Argument 2 passed to view() must be of the type array, null given, called in C:\xampp\htdocs\ci4\crud-ci4\app\Controllers\mahasiswa.php on line 74
in SYSTEMPATH\Common.php on line 1120.
 1 APPPATH\Controllers\mahasiswa.php(74): view('v_update', null)
 2 SYSTEMPATH\CodeIgniter.php(927): App\Controllers\mahasiswa->update()
 3 SYSTEMPATH\CodeIgniter.php(482): CodeIgniter\CodeIgniter->runController(Object(App\Controllers\mahasiswa))
 4 SYSTEMPATH\CodeIgniter.php(351): CodeIgniter\CodeIgniter->handleRequest(null, Object(Config\Cache), false)
 5 FCPATH\index.php(67): CodeIgniter\CodeIgniter->run()
 6 SYSTEMPATH\Commands\Server\rewrite.php(46): require_once('FCPATH\\index.php')
CRITICAL - 2022-11-11 07:24:39 --> Argument 2 passed to view() must be of the type array, null given, called in C:\xampp\htdocs\ci4\crud-ci4\app\Controllers\mahasiswa.php on line 74
in SYSTEMPATH\Common.php on line 1120.
 1 APPPATH\Controllers\mahasiswa.php(74): view('v_update', null)
 2 SYSTEMPATH\CodeIgniter.php(927): App\Controllers\mahasiswa->update('assets', 'css', 'bootstrap.min.css')
 3 SYSTEMPATH\CodeIgniter.php(482): CodeIgniter\CodeIgniter->runController(Object(App\Controllers\mahasiswa))
 4 SYSTEMPATH\CodeIgniter.php(351): CodeIgniter\CodeIgniter->handleRequest(null, Object(Config\Cache), false)
 5 FCPATH\index.php(67): CodeIgniter\CodeIgniter->run()
 6 SYSTEMPATH\Commands\Server\rewrite.php(46): require_once('FCPATH\\index.php')
CRITICAL - 2022-11-11 07:24:42 --> Argument 2 passed to view() must be of the type array, null given, called in C:\xampp\htdocs\ci4\crud-ci4\app\Controllers\mahasiswa.php on line 74
in SYSTEMPATH\Common.php on line 1120.
 1 APPPATH\Controllers\mahasiswa.php(74): view('v_update', null)
 2 SYSTEMPATH\CodeIgniter.php(927): App\Controllers\mahasiswa->update()
 3 SYSTEMPATH\CodeIgniter.php(482): CodeIgniter\CodeIgniter->runController(Object(App\Controllers\mahasiswa))
 4 SYSTEMPATH\CodeIgniter.php(351): CodeIgniter\CodeIgniter->handleRequest(null, Object(Config\Cache), false)
 5 FCPATH\index.php(67): CodeIgniter\CodeIgniter->run()
 6 SYSTEMPATH\Commands\Server\rewrite.php(46): require_once('FCPATH\\index.php')
CRITICAL - 2022-11-11 07:26:47 --> Too few arguments to function App\Models\m_mahasiswa::ambildata(), 1 passed in C:\xampp\htdocs\ci4\crud-ci4\app\Controllers\mahasiswa.php on line 62 and exactly 2 expected
in APPPATH\Models\m_mahasiswa.php on line 28.
 1 APPPATH\Controllers\mahasiswa.php(62): App\Models\m_mahasiswa->ambildata('200853')
 2 SYSTEMPATH\CodeIgniter.php(927): App\Controllers\mahasiswa->update('200853')
 3 SYSTEMPATH\CodeIgniter.php(482): CodeIgniter\CodeIgniter->runController(Object(App\Controllers\mahasiswa))
 4 SYSTEMPATH\CodeIgniter.php(351): CodeIgniter\CodeIgniter->handleRequest(null, Object(Config\Cache), false)
 5 FCPATH\index.php(67): CodeIgniter\CodeIgniter->run()
 6 SYSTEMPATH\Commands\Server\rewrite.php(46): require_once('FCPATH\\index.php')
CRITICAL - 2022-11-11 07:35:30 --> Argument 2 passed to view() must be of the type array, null given, called in C:\xampp\htdocs\ci4\crud-ci4\app\Controllers\mahasiswa.php on line 74
in SYSTEMPATH\Common.php on line 1120.
 1 APPPATH\Controllers\mahasiswa.php(74): view('v_updatedata', null)
 2 SYSTEMPATH\CodeIgniter.php(927): App\Controllers\mahasiswa->update('assets', 'css', 'bootstrap.min.css')
 3 SYSTEMPATH\CodeIgniter.php(482): CodeIgniter\CodeIgniter->runController(Object(App\Controllers\mahasiswa))
 4 SYSTEMPATH\CodeIgniter.php(351): CodeIgniter\CodeIgniter->handleRequest(null, Object(Config\Cache), false)
 5 FCPATH\index.php(67): CodeIgniter\CodeIgniter->run()
 6 SYSTEMPATH\Commands\Server\rewrite.php(46): require_once('FCPATH\\index.php')
ERROR - 2022-11-11 07:35:42 --> mysqli_sql_exception: Duplicate entry '' for key 'PRIMARY' in C:\xampp\htdocs\ci4\crud-ci4\system\Database\MySQLi\Connection.php:292
Stack trace:
#0 C:\xampp\htdocs\ci4\crud-ci4\system\Database\MySQLi\Connection.php(292): mysqli->query('UPDATE `mahsisw...', 0)
#1 C:\xampp\htdocs\ci4\crud-ci4\system\Database\BaseConnection.php(666): CodeIgniter\Database\MySQLi\Connection->execute('UPDATE `mahsisw...')
#2 C:\xampp\htdocs\ci4\crud-ci4\system\Database\BaseConnection.php(593): CodeIgniter\Database\BaseConnection->simpleQuery('UPDATE `mahsisw...')
#3 C:\xampp\htdocs\ci4\crud-ci4\system\Database\BaseBuilder.php(2079): CodeIgniter\Database\BaseConnection->query('UPDATE `mahsisw...', Array, false)
#4 C:\xampp\htdocs\ci4\crud-ci4\app\Models\m_mahasiswa.php(35): CodeIgniter\Database\BaseBuilder->update(Array)
#5 C:\xampp\htdocs\ci4\crud-ci4\app\Controllers\mahasiswa.php(87): App\Models\m_mahasiswa->editdata(Array, NULL)
#6 C:\xampp\htdocs\ci4\crud-ci4\system\CodeIgniter.php(927): App\Controllers\mahasiswa->simpanupdatedata()
#7 C:\xampp\htdocs\ci4\crud-ci4\system\CodeIgniter.php(482): CodeIgniter\CodeIgniter->runController(Object(App\Controllers\mahasiswa))
#8 C:\xampp\htdocs\ci4\crud-ci4\system\CodeIgniter.php(351): CodeIgniter\CodeIgniter->handleRequest(NULL, Object(Config\Cache), false)
#9 C:\xampp\htdocs\ci4\crud-ci4\public\index.php(67): CodeIgniter\CodeIgniter->run()
#10 C:\xampp\htdocs\ci4\crud-ci4\system\Commands\Server\rewrite.php(46): require_once('C:\\xampp\\htdocs...')
#11 {main}
CRITICAL - 2022-11-11 07:43:00 --> Argument 2 passed to view() must be of the type array, null given, called in C:\xampp\htdocs\ci4\crud-ci4\app\Controllers\mahasiswa.php on line 74
in SYSTEMPATH\Common.php on line 1120.
 1 APPPATH\Controllers\mahasiswa.php(74): view('v_updatedata', null)
 2 SYSTEMPATH\CodeIgniter.php(927): App\Controllers\mahasiswa->updatedata('assets', 'css', 'bootstrap.min.css')
 3 SYSTEMPATH\CodeIgniter.php(482): CodeIgniter\CodeIgniter->runController(Object(App\Controllers\mahasiswa))
 4 SYSTEMPATH\CodeIgniter.php(351): CodeIgniter\CodeIgniter->handleRequest(null, Object(Config\Cache), false)
 5 FCPATH\index.php(67): CodeIgniter\CodeIgniter->run()
 6 SYSTEMPATH\Commands\Server\rewrite.php(46): require_once('FCPATH\\index.php')
CRITICAL - 2022-11-11 07:44:29 --> Argument 2 passed to view() must be of the type array, null given, called in C:\xampp\htdocs\ci4\crud-ci4\app\Controllers\mahasiswa.php on line 74
in SYSTEMPATH\Common.php on line 1120.
 1 APPPATH\Controllers\mahasiswa.php(74): view('v_updatedata', null)
 2 SYSTEMPATH\CodeIgniter.php(927): App\Controllers\mahasiswa->updatedata('assets', 'css', 'bootstrap.min.css')
 3 SYSTEMPATH\CodeIgniter.php(482): CodeIgniter\CodeIgniter->runController(Object(App\Controllers\mahasiswa))
 4 SYSTEMPATH\CodeIgniter.php(351): CodeIgniter\CodeIgniter->handleRequest(null, Object(Config\Cache), false)
 5 FCPATH\index.php(67): CodeIgniter\CodeIgniter->run()
 6 SYSTEMPATH\Commands\Server\rewrite.php(46): require_once('FCPATH\\index.php')
CRITICAL - 2022-11-11 07:47:35 --> Argument 2 passed to view() must be of the type array, null given, called in C:\xampp\htdocs\ci4\crud-ci4\app\Controllers\mahasiswa.php on line 74
in SYSTEMPATH\Common.php on line 1120.
 1 APPPATH\Controllers\mahasiswa.php(74): view('v_updatedata', null)
 2 SYSTEMPATH\CodeIgniter.php(927): App\Controllers\mahasiswa->updatedata('assets', 'css', 'bootstrap.min.css')
 3 SYSTEMPATH\CodeIgniter.php(482): CodeIgniter\CodeIgniter->runController(Object(App\Controllers\mahasiswa))
 4 SYSTEMPATH\CodeIgniter.php(351): CodeIgniter\CodeIgniter->handleRequest(null, Object(Config\Cache), false)
 5 FCPATH\index.php(67): CodeIgniter\CodeIgniter->run()
 6 SYSTEMPATH\Commands\Server\rewrite.php(46): require_once('FCPATH\\index.php')
